Arguments: 
  /usr/bin/node /usr/bin/yarn add api/src/config/database.js

PATH: 
  /home/icbertoncelo/.rvm/gems/ruby-2.6.3/bin:/home/icbertoncelo/.rvm/gems/ruby-2.6.3@global/bin:/home/icbertoncelo/.rvm/rubies/ruby-2.6.3/bin:/usr/local/sbin:/usr/local/bin:/usr/sbin:/usr/bin:/sbin:/bin:/usr/games:/usr/local/games:/snap/bin:/home/icbertoncelo/.rvm/bin:/home/icbertoncelo/Android/Sdk/tools:/home/icbertoncelo/Android/Sdk/platform-tools:/home/icbertoncelo/.rvm/bin

Yarn version: 
  1.15.2

Node version: 
  10.16.0

Platform: 
  linux x64

Trace: 
  Error: https://registry.yarnpkg.com/api%2fsrc/config/database.js: Request "https://registry.yarnpkg.com/api%2fsrc/config/database.js" returned a 405
      at Request.params.callback [as _callback] (/usr/lib/node_modules/yarn/lib/cli.js:66067:18)
      at Request.self.callback (/usr/lib/node_modules/yarn/lib/cli.js:129541:22)
      at Request.emit (events.js:198:13)
      at Request.<anonymous> (/usr/lib/node_modules/yarn/lib/cli.js:130513:10)
      at Request.emit (events.js:198:13)
      at IncomingMessage.<anonymous> (/usr/lib/node_modules/yarn/lib/cli.js:130435:12)
      at Object.onceWrapper (events.js:286:20)
      at IncomingMessage.emit (events.js:203:15)
      at endReadableNT (_stream_readable.js:1129:12)
      at process._tickCallback (internal/process/next_tick.js:63:19)

npm manifest: 
  No manifest

yarn manifest: 
  No manifest

Lockfile: 
  No lockfile
